#
# There is insufficient memory for the Java Runtime Environment to continue.
# Native memory allocation (malloc) failed to allocate 65552 bytes for Chunk::new
# Possible reasons:
#   The system is out of physical RAM or swap space
#   The process is running with CompressedOops enabled, and the Java Heap may be blocking the growth of the native heap
# Possible solutions:
#   Reduce memory load on the system
#   Increase physical memory or swap space
#   Check if swap backing store is full
#   Decrease Java heap size (-Xmx/-Xms)
#   Decrease number of Java threads
#   Decrease Java thread stack sizes (-Xss)
#   Set larger code cache with -XX:ReservedCodeCacheSize=
#   JVM is running with Unscaled Compressed Oops mode in which the Java heap is
#     placed in the first 4GB address space. The Java Heap base address is the
#     maximum limit for the native heap growth. Please use -XX:HeapBaseMinAddress
#     to set the Java Heap base and to place the Java Heap above 4GB virtual address.
# This output file may be truncated or incomplete.
#
#  Out of Memory Error (arena.cpp:168), pid=38644, tid=40336
#
# JRE version: Java(TM) SE Runtime Environment (21.0.10+8) (build 21.0.10+8-LTS-217)
# Java VM: Java HotSpot(TM) 64-Bit Server VM (21.0.10+8-LTS-217, mixed mode, sharing, tiered, compressed oops, compressed class ptrs, g1 gc, windows-amd64)
# No core dump will be written. Minidumps are not enabled by default on client versions of Windows
#

---------------  S U M M A R Y ------------

Command Line: -Dfile.encoding=IBM437 --enable-native-access=ALL-UNNAMED -Dclassworlds.conf=C:\Program Files\JetBrains\IntelliJ IDEA 2025.3.3\plugins\maven\lib\maven3\bin\m2.conf -Dmaven.home=C:\Program Files\JetBrains\IntelliJ IDEA 2025.3.3\plugins\maven\lib\maven3 -Dlibrary.jansi.path=C:\Program Files\JetBrains\IntelliJ IDEA 2025.3.3\plugins\maven\lib\maven3\lib\jansi-native -Dmaven.multiModuleProjectDirectory=C:\Users\samhi\IdeaProjects\Portfolio\backend org.codehaus.plexus.classworlds.launcher.Launcher -Didea.version=2025.3.3 -Dmaven.ext.class.path=C:\Program Files\JetBrains\IntelliJ IDEA 2025.3.3\plugins\maven\lib\maven-event-listener.jar -Djansi.passthrough=true -Dstyle.color=always -Dmaven.repo.local=C:\Users\samhi\.m2\repository clean install

Host: AMD Ryzen 7 5800H with Radeon Graphics         , 16 cores, 7G,  Windows 11 , 64 bit Build 22621 (10.0.22621.5415)
Time: Mon Apr  6 20:14:02 2026 Eastern Daylight Time elapsed time: 1.874905 seconds (0d 0h 0m 1s)

---------------  T H R E A D  ---------------

Current thread (0x0000023af8c34d70):  JavaThread "C2 CompilerThread0" daemon [_thread_in_native, id=40336, stack(0x000000b85a400000,0x000000b85a500000) (1024K)]


Current CompileTask:
C2:   1874 3909       4       org.codehaus.plexus.util.xml.Xpp3Dom::<init> (125 bytes)

Stack: [0x000000b85a400000,0x000000b85a500000]
Native frames: (J=compiled Java code, j=interpreted, Vv=VM code, C=native code)
V  [jvm.dll+0x6d0b59]
V  [jvm.dll+0x85fd56]
V  [jvm.dll+0x86224e]
V  [jvm.dll+0x862923]
V  [jvm.dll+0x282a16]
V  [jvm.dll+0xc662d]
V  [jvm.dll+0xc6b71]
V  [jvm.dll+0xc6755]
V  [jvm.dll+0x6adf5c]
V  [jvm.dll+0x65b580]
V  [jvm.dll+0x660eff]
V  [jvm.dll+0x661e46]
V  [jvm.dll+0x66016d]
V  [jvm.dll+0x24b1eb]
V  [jvm.dll+0x24a94f]
V  [jvm.dll+0x1cacfe]
V  [jvm.dll+0x25a629]
V  [jvm.dll+0x258bb5]
V  [jvm.dll+0x3f4da1]
V  [jvm.dll+0x80a83d]
V  [jvm.dll+0x6cf3fd]
C  [ucrtbase.dll+0x29333]
C  [KERNEL32.DLL+0x1259d]
C  [ntdll.dll+0x5af78]


---------------  P R O C E S S  ---------------

Threads class SMR info:
_java_thread_list=0x0000023afe7b9d10, length=18, elements={
0x0000023adb9ef590, 0x0000023af8c2a150, 0x0000023af8c2b480, 0x0000023af8c2dbb0,
0x0000023af8c309e0, 0x0000023af8c31440, 0x0000023af8c31ea0, 0x0000023af8c34d70,
0x0000023af8c3da80, 0x0000023afd0f0690, 0x0000023afd1366a0, 0x0000023afd13b340,
0x0000023afd5bf540, 0x0000023afd50fc10, 0x0000023afd5f7ba0, 0x0000023afe26de00,
0x0000023afe5dd8b0, 0x0000023afe6e2e10
}

Java Threads: ( => current thread )
  0x0000023adb9ef590 JavaThread "main"                              [_thread_in_vm, id=12788, stack(0x000000b859600000,0x000000b859700000) (1024K)]
  0x0000023af8c2a150 JavaThread "Reference Handler"          daemon [_thread_blocked, id=40356, stack(0x000000b859e00000,0x000000b859f00000) (1024K)]
  0x0000023af8c2b480 JavaThread "Finalizer"                  daemon [_thread_blocked, id=25548, stack(0x000000b859f00000,0x000000b85a000000) (1024K)]
  0x0000023af8c2dbb0 JavaThread "Signal Dispatcher"          daemon [_thread_blocked, id=24756, stack(0x000000b85a000000,0x000000b85a100000) (1024K)]
  0x0000023af8c309e0 JavaThread "Attach Listener"            daemon [_thread_blocked, id=39200, stack(0x000000b85a100000,0x000000b85a200000) (1024K)]
  0x0000023af8c31440 JavaThread "Service Thread"             daemon [_thread_blocked, id=4020, stack(0x000000b85a200000,0x000000b85a300000) (1024K)]
  0x0000023af8c31ea0 JavaThread "Monitor Deflation Thread"   daemon [_thread_blocked, id=37268, stack(0x000000b85a300000,0x000000b85a400000) (1024K)]
=>0x0000023af8c34d70 JavaThread "C2 CompilerThread0"         daemon [_thread_in_native, id=40336, stack(0x000000b85a400000,0x000000b85a500000) (1024K)]
  0x0000023af8c3da80 JavaThread "C1 CompilerThread0"         daemon [_thread_blocked, id=32296, stack(0x000000b85a500000,0x000000b85a600000) (1024K)]
  0x0000023afd0f0690 JavaThread "C1 CompilerThread1"         daemon [_thread_blocked, id=40220, stack(0x000000b85a600000,0x000000b85a700000) (1024K)]
  0x0000023afd1366a0 JavaThread "Notification Thread"        daemon [_thread_blocked, id=40700, stack(0x000000b85a700000,0x000000b85a800000) (1024K)]
  0x0000023afd13b340 JavaThread "Common-Cleaner"             daemon [_thread_blocked, id=1624, stack(0x000000b85a800000,0x000000b85a900000) (1024K)]
  0x0000023afd5bf540 JavaThread "C2 CompilerThread1"         daemon [_thread_in_native, id=40172, stack(0x000000b85a900000,0x000000b85aa00000) (1024K)]
  0x0000023afd50fc10 JavaThread "C1 CompilerThread2"         daemon [_thread_blocked, id=36228, stack(0x000000b85aa00000,0x000000b85ab00000) (1024K)]
  0x0000023afd5f7ba0 JavaThread "C1 CompilerThread3"         daemon [_thread_blocked, id=27292, stack(0x000000b85ab00000,0x000000b85ac00000) (1024K)]
  0x0000023afe26de00 JavaThread "Thread-1"                   daemon [_thread_blocked, id=40304, stack(0x000000b85b500000,0x000000b85b600000) (1024K)]
  0x0000023afe5dd8b0 JavaThread "C2 CompilerThread2"         daemon [_thread_in_native, id=36072, stack(0x000000b85b600000,0x000000b85b700000) (1024K)]
  0x0000023afe6e2e10 JavaThread "C2 CompilerThread3"         daemon [_thread_in_native, id=39160, stack(0x000000b85b700000,0x000000b85b800000) (1024K)]
Total: 18

Other Threads:
  0x0000023af8c0f9f0 VMThread "VM Thread"                           [id=39768, stack(0x000000b859d00000,0x000000b859e00000) (1024K)]
  0x0000023af8c003f0 WatcherThread "VM Periodic Task Thread"        [id=40044, stack(0x000000b859c00000,0x000000b859d00000) (1024K)]
  0x0000023adba3b4c0 WorkerThread "GC Thread#0"                     [id=35660, stack(0x000000b859700000,0x000000b859800000) (1024K)]
  0x0000023afdc74bc0 WorkerThread "GC Thread#1"                     [id=39972, stack(0x000000b85ac00000,0x000000b85ad00000) (1024K)]
  0x0000023afded36d0 WorkerThread "GC Thread#2"                     [id=24848, stack(0x000000b85ad00000,0x000000b85ae00000) (1024K)]
  0x0000023afded3a80 WorkerThread "GC Thread#3"                     [id=14632, stack(0x000000b85ae00000,0x000000b85af00000) (1024K)]
  0x0000023afded3e30 WorkerThread "GC Thread#4"                     [id=40188, stack(0x000000b85af00000,0x000000b85b000000) (1024K)]
  0x0000023afded5010 WorkerThread "GC Thread#5"                     [id=33196, stack(0x000000b85b000000,0x000000b85b100000) (1024K)]
  0x0000023afded53c0 WorkerThread "GC Thread#6"                     [id=19568, stack(0x000000b85b100000,0x000000b85b200000) (1024K)]
  0x0000023afded5f80 WorkerThread "GC Thread#7"                     [id=16716, stack(0x000000b85b200000,0x000000b85b300000) (1024K)]
  0x0000023afde2f470 WorkerThread "GC Thread#8"                     [id=40908, stack(0x000000b85b300000,0x000000b85b400000) (1024K)]
  0x0000023afe11aed0 WorkerThread "GC Thread#9"                     [id=39556, stack(0x000000b85b400000,0x000000b85b500000) (1024K)]
  0x0000023adba4b1e0 ConcurrentGCThread "G1 Main Marker"            [id=40192, stack(0x000000b859800000,0x000000b859900000) (1024K)]
  0x0000023adba4cca0 WorkerThread "G1 Conc#0"                       [id=35728, stack(0x000000b859900000,0x000000b859a00000) (1024K)]
  0x0000023af8acf560 ConcurrentGCThread "G1 Refine#0"               [id=39700, stack(0x000000b859a00000,0x000000b859b00000) (1024K)]
  0x0000023af8acfff0 ConcurrentGCThread "G1 Service"                [id=38924, stack(0x000000b859b00000,0x000000b859c00000) (1024K)]
Total: 16

Threads with active compile tasks:
C2 CompilerThread0     1909 3909       4       org.codehaus.plexus.util.xml.Xpp3Dom::<init> (125 bytes)
C2 CompilerThread1     1909 3970       4       org.codehaus.plexus.util.xml.pull.MXParser::nextImpl (1208 bytes)
C2 CompilerThread2     1909 3971       4       org.codehaus.plexus.util.xml.pull.MXParser::parseAttribute (1438 bytes)
C2 CompilerThread3     1909 3978       4       java.lang.Character::codePointBefore (48 bytes)
Total: 4

VM state: not at safepoint (normal execution)

VM Mutex/Monitor currently owned by a thread: None

Heap address: 0x000000008a400000, size: 1884 MB, Compressed Oops mode: 32-bit

CDS archive(s) mapped at: [0x0000023a80000000-0x0000023a80c90000-0x0000023a80c90000), size 13172736, SharedBaseAddress: 0x0000023a80000000, ArchiveRelocationMode: 1.
Compressed class space mapped at: 0x0000023a81000000-0x0000023ac1000000, reserved size: 1073741824
Narrow klass base: 0x0000023a80000000, Narrow klass shift: 0, Narrow klass range: 0x100000000

GC Precious Log:
 CardTable entry size: 512
 Card Set container configuration: InlinePtr #cards 5 size 8 Array Of Cards #cards 12 size 40 Howl #buckets 4 coarsen threshold 1843 Howl Bitmap #cards 512 size 80 coarsen threshold 460 Card regions per heap region 1 cards per card region 2048
 CPUs: 16 total, 16 available
 Memory: 7528M
 Large Page Support: Disabled
 NUMA Support: Disabled
 Compressed Oops: Enabled (32-bit)
 Heap Region Size: 1M
 Heap Min Capacity: 8M
 Heap Initial Capacity: 118M
 Heap Max Capacity: 1884M
 Pre-touch: Disabled
 Parallel Workers: 13
 Concurrent Workers: 3
 Concurrent Refinement Workers: 13
 Periodic GC: Disabled

Heap:
 garbage-first heap   total 120832K, used 69060K [0x000000008a400000, 0x0000000100000000)
  region size 1024K, 65 young (66560K), 2 survivors (2048K)
 Metaspace       used 15886K, committed 16064K, reserved 1114112K
  class space    used 1827K, committed 1920K, reserved 1048576K

Heap Regions: E=young(eden), S=young(survivor), O=old, HS=humongous(starts), HC=humongous(continues), CS=collection set, F=free, TAMS=top-at-mark-start, PB=parsable bottom
|   0|0x000000008a400000, 0x000000008a500000, 0x000000008a500000|100%| O|  |TAMS 0x000000008a400000| PB 0x000000008a400000| Untracked 
|   1|0x000000008a500000, 0x000000008a600000, 0x000000008a600000|100%| O|  |TAMS 0x000000008a500000| PB 0x000000008a500000| Untracked 
|   2|0x000000008a600000, 0x000000008a700000, 0x000000008a700000|100%| O|  |TAMS 0x000000008a600000| PB 0x000000008a600000| Untracked 
|   3|0x000000008a700000, 0x000000008a7f4c80, 0x000000008a800000| 95%| O|  |TAMS 0x000000008a700000| PB 0x000000008a700000| Untracked 
|   4|0x000000008a800000, 0x000000008a800000, 0x000000008a900000|  0%| F|  |TAMS 0x000000008a800000| PB 0x000000008a800000| Untracked 
|   5|0x000000008a900000, 0x000000008a900000, 0x000000008aa00000|  0%| F|  |TAMS 0x000000008a900000| PB 0x000000008a900000| Untracked 
|   6|0x000000008aa00000, 0x000000008aa00000, 0x000000008ab00000|  0%| F|  |TAMS 0x000000008aa00000| PB 0x000000008aa00000| Untracked 
|   7|0x000000008ab00000, 0x000000008ab00000, 0x000000008ac00000|  0%| F|  |TAMS 0x000000008ab00000| PB 0x000000008ab00000| Untracked 
|   8|0x000000008ac00000, 0x000000008ac00000, 0x000000008ad00000|  0%| F|  |TAMS 0x000000008ac00000| PB 0x000000008ac00000| Untracked 
|   9|0x000000008ad00000, 0x000000008ad00000, 0x000000008ae00000|  0%| F|  |TAMS 0x000000008ad00000| PB 0x000000008ad00000| Untracked 
|  10|0x000000008ae00000, 0x000000008ae00000, 0x000000008af00000|  0%| F|  |TAMS 0x000000008ae00000| PB 0x000000008ae00000| Untracked 
|  11|0x000000008af00000, 0x000000008af00000, 0x000000008b000000|  0%| F|  |TAMS 0x000000008af00000| PB 0x000000008af00000| Untracked 
|  12|0x000000008b000000, 0x000000008b000000, 0x000000008b100000|  0%| F|  |TAMS 0x000000008b000000| PB 0x000000008b000000| Untracked 
|  13|0x000000008b100000, 0x000000008b100000, 0x000000008b200000|  0%| F|  |TAMS 0x000000008b100000| PB 0x000000008b100000| Untracked 
|  14|0x000000008b200000, 0x000000008b200000, 0x000000008b300000|  0%| F|  |TAMS 0x000000008b200000| PB 0x000000008b200000| Untracked 
|  15|0x000000008b300000, 0x000000008b300000, 0x000000008b400000|  0%| F|  |TAMS 0x000000008b300000| PB 0x000000008b300000| Untracked 
|  16|0x000000008b400000, 0x000000008b400000, 0x000000008b500000|  0%| F|  |TAMS 0x000000008b400000| PB 0x000000008b400000| Untracked 
|  17|0x000000008b500000, 0x000000008b500000, 0x000000008b600000|  0%| F|  |TAMS 0x000000008b500000| PB 0x000000008b500000| Untracked 
|  18|0x000000008b600000, 0x000000008b600000, 0x000000008b700000|  0%| F|  |TAMS 0x000000008b600000| PB 0x000000008b600000| Untracked 
|  19|0x000000008b700000, 0x000000008b700000, 0x000000008b800000|  0%| F|  |TAMS 0x000000008b700000| PB 0x000000008b700000| Untracked 
|  20|0x000000008b800000, 0x000000008b800000, 0x000000008b900000|  0%| F|  |TAMS 0x000000008b800000| PB 0x000000008b800000| Untracked 
|  21|0x000000008b900000, 0x000000008b900000, 0x000000008ba00000|  0%| F|  |TAMS 0x000000008b900000| PB 0x000000008b900000| Untracked 
|  22|0x000000008ba00000, 0x000000008ba00000, 0x000000008bb00000|  0%| F|  |TAMS 0x000000008ba00000| PB 0x000000008ba00000| Untracked 
|  23|0x000000008bb00000, 0x000000008bb00000, 0x000000008bc00000|  0%| F|  |TAMS 0x000000008bb00000| PB 0x000000008bb00000| Untracked 
|  24|0x000000008bc00000, 0x000000008bc00000, 0x000000008bd00000|  0%| F|  |TAMS 0x000000008bc00000| PB 0x000000008bc00000| Untracked 
|  25|0x000000008bd00000, 0x000000008bd00000, 0x000000008be00000|  0%| F|  |TAMS 0x000000008bd00000| PB 0x000000008bd00000| Untracked 
|  26|0x000000008be00000, 0x000000008be00000, 0x000000008bf00000|  0%| F|  |TAMS 0x000000008be00000| PB 0x000000008be00000| Untracked 
|  27|0x000000008bf00000, 0x000000008bf00000, 0x000000008c000000|  0%| F|  |TAMS 0x000000008bf00000| PB 0x000000008bf00000| Untracked 
|  28|0x000000008c000000, 0x000000008c000000, 0x000000008c100000|  0%| F|  |TAMS 0x000000008c000000| PB 0x000000008c000000| Untracked 
|  29|0x000000008c100000, 0x000000008c100000, 0x000000008c200000|  0%| F|  |TAMS 0x000000008c100000| PB 0x000000008c100000| Untracked 
|  30|0x000000008c200000, 0x000000008c200000, 0x000000008c300000|  0%| F|  |TAMS 0x000000008c200000| PB 0x000000008c200000| Untracked 
|  31|0x000000008c300000, 0x000000008c300000, 0x000000008c400000|  0%| F|  |TAMS 0x000000008c300000| PB 0x000000008c300000| Untracked 
|  32|0x000000008c400000, 0x000000008c400000, 0x000000008c500000|  0%| F|  |TAMS 0x000000008c400000| PB 0x000000008c400000| Untracked 
|  33|0x000000008c500000, 0x000000008c500000, 0x000000008c600000|  0%| F|  |TAMS 0x000000008c500000| PB 0x000000008c500000| Untracked 
|  34|0x000000008c600000, 0x000000008c600000, 0x000000008c700000|  0%| F|  |TAMS 0x000000008c600000| PB 0x000000008c600000| Untracked 
|  35|0x000000008c700000, 0x000000008c700000, 0x000000008c800000|  0%| F|  |TAMS 0x000000008c700000| PB 0x000000008c700000| Untracked 
|  36|0x000000008c800000, 0x000000008c800000, 0x000000008c900000|  0%| F|  |TAMS 0x000000008c800000| PB 0x000000008c800000| Untracked 
|  37|0x000000008c900000, 0x000000008c900000, 0x000000008ca00000|  0%| F|  |TAMS 0x000000008c900000| PB 0x000000008c900000| Untracked 
|  38|0x000000008ca00000, 0x000000008ca00000, 0x000000008cb00000|  0%| F|  |TAMS 0x000000008ca00000| PB 0x000000008ca00000| Untracked 
|  39|0x000000008cb00000, 0x000000008cb00000, 0x000000008cc00000|  0%| F|  |TAMS 0x000000008cb00000| PB 0x000000008cb00000| Untracked 
|  40|0x000000008cc00000, 0x000000008cc00000, 0x000000008cd00000|  0%| F|  |TAMS 0x000000008cc00000| PB 0x000000008cc00000| Untracked 
|  41|0x000000008cd00000, 0x000000008cd00000, 0x000000008ce00000|  0%| F|  |TAMS 0x000000008cd00000| PB 0x000000008cd00000| Untracked 
|  42|0x000000008ce00000, 0x000000008ce00000, 0x000000008cf00000|  0%| F|  |TAMS 0x000000008ce00000| PB 0x000000008ce00000| Untracked 
|  43|0x000000008cf00000, 0x000000008cf00000, 0x000000008d000000|  0%| F|  |TAMS 0x000000008cf00000| PB 0x000000008cf00000| Untracked 
|  44|0x000000008d000000, 0x000000008d000000, 0x000000008d100000|  0%| F|  |TAMS 0x000000008d000000| PB 0x000000008d000000| Untracked 
|  45|0x000000008d100000, 0x000000008d100000, 0x000000008d200000|  0%| F|  |TAMS 0x000000008d100000| PB 0x000000008d100000| Untracked 
|  46|0x000000008d200000, 0x000000008d200000, 0x000000008d300000|  0%| F|  |TAMS 0x000000008d200000| PB 0x000000008d200000| Untracked 
|  47|0x000000008d300000, 0x000000008d300000, 0x000000008d400000|  0%| F|  |TAMS 0x000000008d300000| PB 0x000000008d300000| Untracked 
|  48|0x000000008d400000, 0x000000008d400000, 0x000000008d500000|  0%| F|  |TAMS 0x000000008d400000| PB 0x000000008d400000| Untracked 
|  49|0x000000008d500000, 0x000000008d500000, 0x000000008d600000|  0%| F|  |TAMS 0x000000008d500000| PB 0x000000008d500000| Untracked 
|  50|0x000000008d600000, 0x000000008d600000, 0x000000008d700000|  0%| F|  |TAMS 0x000000008d600000| PB 0x000000008d600000| Untracked 
|  51|0x000000008d700000, 0x000000008d700000, 0x000000008d800000|  0%| F|  |TAMS 0x000000008d700000| PB 0x000000008d700000| Untracked 
|  52|0x000000008d800000, 0x000000008d800000, 0x000000008d900000|  0%| F|  |TAMS 0x000000008d800000| PB 0x000000008d800000| Untracked 
|  53|0x000000008d900000, 0x000000008d980000, 0x000000008da00000| 50%| E|  |TAMS 0x000000008d900000| PB 0x000000008d900000| Complete 
|  54|0x000000008da00000, 0x000000008db00000, 0x000000008db00000|100%| E|CS|TAMS 0x000000008da00000| PB 0x000000008da00000| Complete 
|  55|0x000000008db00000, 0x000000008dc00000, 0x000000008dc00000|100%| E|CS|TAMS 0x000000008db00000| PB 0x000000008db00000| Complete 
|  56|0x000000008dc00000, 0x000000008dd00000, 0x000000008dd00000|100%| E|CS|TAMS 0x000000008dc00000| PB 0x000000008dc00000| Complete 
|  57|0x000000008dd00000, 0x000000008de00000, 0x000000008de00000|100%| E|CS|TAMS 0x000000008dd00000| PB 0x000000008dd00000| Complete 
|  58|0x000000008de00000, 0x000000008df00000, 0x000000008df00000|100%| E|CS|TAMS 0x000000008de00000| PB 0x000000008de00000| Complete 
|  59|0x000000008df00000, 0x000000008e000000, 0x000000008e000000|100%| E|CS|TAMS 0x000000008df00000| PB 0x000000008df00000| Complete 
|  60|0x000000008e000000, 0x000000008e100000, 0x000000008e100000|100%| E|CS|TAMS 0x000000008e000000| PB 0x000000008e000000| Complete 
|  61|0x000000008e100000, 0x000000008e200000, 0x000000008e200000|100%| E|CS|TAMS 0x000000008e100000| PB 0x000000008e100000| Complete 
|  62|0x000000008e200000, 0x000000008e300000, 0x000000008e300000|100%| E|CS|TAMS 0x000000008e200000| PB 0x000000008e200000| Complete 
|  63|0x000000008e300000, 0x000000008e400000, 0x000000008e400000|100%| E|CS|TAMS 0x000000008e300000| PB 0x000000008e300000| Complete 
|  64|0x000000008e400000, 0x000000008e500000, 0x000000008e500000|100%| E|CS|TAMS 0x000000008e400000| PB 0x000000008e400000| Complete 
|  65|0x000000008e500000, 0x000000008e600000, 0x000000008e600000|100%| E|CS|TAMS 0x000000008e500000| PB 0x000000008e500000| Complete 
|  66|0x000000008e600000, 0x000000008e700000, 0x000000008e700000|100%| E|CS|TAMS 0x000000008e600000| PB 0x000000008e600000| Complete 
|  67|0x000000008e700000, 0x000000008e800000, 0x000000008e800000|100%| E|CS|TAMS 0x000000008e700000| PB 0x000000008e700000| Complete 
|  68|0x000000008e800000, 0x000000008e900000, 0x000000008e900000|100%| E|CS|TAMS 0x000000008e800000| PB 0x000000008e800000| Complete 
|  69|0x000000008e900000, 0x000000008ea00000, 0x000000008ea00000|100%| E|CS|TAMS 0x000000008e900000| PB 0x000000008e900000| Complete 
|  70|0x000000008ea00000, 0x000000008eb00000, 0x000000008eb00000|100%| E|CS|TAMS 0x000000008ea00000| PB 0x000000008ea00000| Complete 
|  71|0x000000008eb00000, 0x000000008ec00000, 0x000000008ec00000|100%| E|CS|TAMS 0x000000008eb00000| PB 0x000000008eb00000| Complete 
|  72|0x000000008ec00000, 0x000000008ed00000, 0x000000008ed00000|100%| E|CS|TAMS 0x000000008ec00000| PB 0x000000008ec00000| Complete 
|  73|0x000000008ed00000, 0x000000008ee00000, 0x000000008ee00000|100%| E|CS|TAMS 0x000000008ed00000| PB 0x000000008ed00000| Complete 
|  74|0x000000008ee00000, 0x000000008ef00000, 0x000000008ef00000|100%| E|CS|TAMS 0x000000008ee00000| PB 0x000000008ee00000| Complete 
|  75|0x000000008ef00000, 0x000000008f000000, 0x000000008f000000|100%| E|CS|TAMS 0x000000008ef00000| PB 0x000000008ef00000| Complete 
|  76|0x000000008f000000, 0x000000008f100000, 0x000000008f100000|100%| E|CS|TAMS 0x000000008f000000| PB 0x000000008f000000| Complete 
|  77|0x000000008f100000, 0x000000008f200000, 0x000000008f200000|100%| E|CS|TAMS 0x000000008f100000| PB 0x000000008f100000| Complete 
|  78|0x000000008f200000, 0x000000008f300000, 0x000000008f300000|100%| E|CS|TAMS 0x000000008f200000| PB 0x000000008f200000| Complete 
|  79|0x000000008f300000, 0x000000008f400000, 0x000000008f400000|100%| E|CS|TAMS 0x000000008f300000| PB 0x000000008f300000| Complete 
|  80|0x000000008f400000, 0x000000008f500000, 0x000000008f500000|100%| E|CS|TAMS 0x000000008f400000| PB 0x000000008f400000| Complete 
|  81|0x000000008f500000, 0x000000008f600000, 0x000000008f600000|100%| E|CS|TAMS 0x000000008f500000| PB 0x000000008f500000| Complete 
|  82|0x000000008f600000, 0x000000008f67c390, 0x000000008f700000| 48%| S|CS|TAMS 0x000000008f600000| PB 0x000000008f600000| Complete 
|  83|0x000000008f700000, 0x000000008f800000, 0x000000008f800000|100%| S|CS|TAMS 0x000000008f700000| PB 0x000000008f700000| Complete 
|  84|0x000000008f800000, 0x000000008f900000, 0x000000008f900000|100%| E|CS|TAMS 0x000000008f800000| PB 0x000000008f800000| Complete 
|  85|0x000000008f900000, 0x000000008fa00000, 0x000000008fa00000|100%| E|CS|TAMS 0x000000008f900000| PB 0x000000008f900000| Complete 
|  86|0x000000008fa00000, 0x000000008fb00000, 0x000000008fb00000|100%| E|CS|TAMS 0x000000008fa00000| PB 0x000000008fa00000| Complete 
|  87|0x000000008fb00000, 0x000000008fc00000, 0x000000008fc00000|100%| E|CS|TAMS 0x000000008fb00000| PB 0x000000008fb00000| Complete 
|  88|0x000000008fc00000, 0x000000008fd00000, 0x000000008fd00000|100%| E|CS|TAMS 0x000000008fc00000| PB 0x000000008fc00000| Complete 
|  89|0x000000008fd00000, 0x000000008fe00000, 0x000000008fe00000|100%| E|CS|TAMS 0x000000008fd00000| PB 0x000000008fd00000| Complete 
|  90|0x000000008fe00000, 0x000000008ff00000, 0x000000008ff00000|100%| E|CS|TAMS 0x000000008fe00000| PB 0x000000008fe00000| Complete 
|  91|0x000000008ff00000, 0x0000000090000000, 0x0000000090000000|100%| E|CS|TAMS 0x000000008ff00000| PB 0x000000008ff00000| Complete 
|  92|0x0000000090000000, 0x0000000090100000, 0x0000000090100000|100%| E|CS|TAMS 0x0000000090000000| PB 0x0000000090000000| Complete 
|  93|0x0000000090100000, 0x0000000090200000, 0x0000000090200000|100%| E|CS|TAMS 0x0000000090100000| PB 0x0000000090100000| Complete 
|  94|0x0000000090200000, 0x0000000090300000, 0x0000000090300000|100%| E|CS|TAMS 0x0000000090200000| PB 0x0000000090200000| Complete 
|  95|0x0000000090300000, 0x0000000090400000, 0x0000000090400000|100%| E|CS|TAMS 0x0000000090300000| PB 0x0000000090300000| Complete 
|  96|0x0000000090400000, 0x0000000090500000, 0x0000000090500000|100%| E|CS|TAMS 0x0000000090400000| PB 0x0000000090400000| Complete 
|  97|0x0000000090500000, 0x0000000090600000, 0x0000000090600000|100%| E|CS|TAMS 0x0000000090500000| PB 0x0000000090500000| Complete 
|  98|0x0000000090600000, 0x0000000090700000, 0x0000000090700000|100%| E|CS|TAMS 0x0000000090600000| PB 0x0000000090600000| Complete 
|  99|0x0000000090700000, 0x0000000090800000, 0x0000000090800000|100%| E|CS|TAMS 0x0000000090700000| PB 0x0000000090700000| Complete 
| 100|0x0000000090800000, 0x0000000090900000, 0x0000000090900000|100%| E|CS|TAMS 0x0000000090800000| PB 0x0000000090800000| Complete 
| 101|0x0000000090900000, 0x0000000090a00000, 0x0000000090a00000|100%| E|CS|TAMS 0x0000000090900000| PB 0x0000000090900000| Complete 
| 102|0x0000000090a00000, 0x0000000090b00000, 0x0000000090b00000|100%| E|CS|TAMS 0x0000000090a00000| PB 0x0000000090a00000| Complete 
| 103|0x0000000090b00000, 0x0000000090c00000, 0x0000000090c00000|100%| E|CS|TAMS 0x0000000090b00000| PB 0x0000000090b00000| Complete 
| 104|0x0000000090c00000, 0x0000000090d00000, 0x0000000090d00000|100%| E|CS|TAMS 0x0000000090c00000| PB 0x0000000090c00000| Complete 
| 105|0x0000000090d00000, 0x0000000090e00000, 0x0000000090e00000|100%| E|CS|TAMS 0x0000000090d00000| PB 0x0000000090d00000| Complete 
| 106|0x0000000090e00000, 0x0000000090f00000, 0x0000000090f00000|100%| E|CS|TAMS 0x0000000090e00000| PB 0x0000000090e00000| Complete 
| 107|0x0000000090f00000, 0x0000000091000000, 0x0000000091000000|100%| E|CS|TAMS 0x0000000090f00000| PB 0x0000000090f00000| Complete 
| 108|0x0000000091000000, 0x0000000091100000, 0x0000000091100000|100%| E|CS|TAMS 0x0000000091000000| PB 0x0000000091000000| Complete 
| 109|0x0000000091100000, 0x0000000091200000, 0x0000000091200000|100%| E|CS|TAMS 0x0000000091100000| PB 0x0000000091100000| Complete 
| 110|0x0000000091200000, 0x0000000091300000, 0x0000000091300000|100%| E|CS|TAMS 0x0000000091200000| PB 0x0000000091200000| Complete 
| 111|0x0000000091300000, 0x0000000091400000, 0x0000000091400000|100%| E|CS|TAMS 0x0000000091300000| PB 0x0000000091300000| Complete 
| 112|0x0000000091400000, 0x0000000091500000, 0x0000000091500000|100%| E|CS|TAMS 0x0000000091400000| PB 0x0000000091400000| Complete 
| 113|0x0000000091500000, 0x0000000091600000, 0x0000000091600000|100%| E|CS|TAMS 0x0000000091500000| PB 0x0000000091500000| Complete 
| 114|0x0000000091600000, 0x0000000091700000, 0x0000000091700000|100%| E|CS|TAMS 0x0000000091600000| PB 0x0000000091600000| Complete 
| 115|0x0000000091700000, 0x0000000091800000, 0x0000000091800000|100%| E|CS|TAMS 0x0000000091700000| PB 0x0000000091700000| Complete 
| 116|0x0000000091800000, 0x0000000091900000, 0x0000000091900000|100%| E|CS|TAMS 0x0000000091800000| PB 0x0000000091800000| Complete 
| 117|0x0000000091900000, 0x0000000091a00000, 0x0000000091a00000|100%| E|CS|TAMS 0x0000000091900000| PB 0x0000000091900000| Complete 

Card table byte_map: [0x0000023af3ad0000,0x0000023af3e80000] _byte_map_base: 0x0000023af367e000

Marking Bits: (CMBitMap*) 0x0000023adba3bbd0
 Bits: [0x0000023af3e80000, 0x0000023af5bf0000)

Polling page: 0x0000023adb1b0000

Metaspace:

Usage:
  Non-class:     13.74 MB used.
      Class:      1.79 MB used.
       Both:     15.53 MB used.

Virtual space:
  Non-class space:       64.00 MB reserved,      13.88 MB ( 22%) committed,  1 nodes.
      Class space:        1.00 GB reserved,       1.88 MB ( <1%) committed,  1 nodes.
             Both:        1.06 GB reserved,      15.75 MB (  1%) committed. 

Chunk freelists:
   Non-Class:  1.86 MB
       Class:  13.95 MB
        Both:  15.81 MB

MaxMetaspaceSize: unlimited
CompressedClassSpaceSize: 1.00 GB
Initial GC threshold: 21.00 MB
Current GC threshold: 21.00 MB
CDS: on
 - commit_granule_bytes: 65536.
 - commit_granule_words: 8192.
 - virtual_space_node_default_size: 8388608.
 - enlarge_chunks_in_place: 1.
 - use_allocation_guard: 0.


Internal statistics:

num_allocs_failed_limit: 0.
num_arena_births: 164.
num_arena_deaths: 0.
num_vsnodes_births: 2.
num_vsnodes_deaths: 0.
num_space_committed: 252.
num_space_uncommitted: 0.
num_chunks_returned_to_freelist: 0.
num_chunks_taken_from_freelist: 691.
num_chunk_merges: 0.
num_chunk_splits: 485.
num_chunks_enlarged: 392.
num_inconsistent_stats: 0.

CodeHeap 'non-profiled nmethods': size=119168Kb used=1661Kb max_used=1661Kb free=117507Kb
 bounds [0x0000023aeba30000, 0x0000023aebca0000, 0x0000023af2e90000]
CodeHeap 'profiled nmethods': size=119104Kb used=8370Kb max_used=8370Kb free=110733Kb
 bounds [0x0000023ae3e90000, 0x0000023ae46c0000, 0x0000023aeb2e0000]
CodeHeap 'non-nmethods': size=7488Kb used=3082Kb max_used=3122Kb free=4405Kb
 bounds [0x0000023aeb2e0000, 0x0000023aeb600000, 0x0000023aeba30000]
 total_blobs=4531 nmethods=4042 adapters=390
 compilation: enabled
              stopped_count=0, restarted_count=0
 full_count=0

Compilation events (20 events):
Event: 1.867 Thread 0x0000023afd0f0690 nmethod 3964 0x0000023aebbc8310 code [0x0000023aebbc84a0, 0x0000023aebbc8568]
Event: 1.867 Thread 0x0000023afd50fc10 3965       3       org.eclipse.aether.artifact.DefaultArtifactType::emptify (11 bytes)
Event: 1.867 Thread 0x0000023af8c3da80 3966       3       java.lang.Boolean::toString (5 bytes)
Event: 1.867 Thread 0x0000023afd5f7ba0 nmethod 3961 0x0000023ae4692d90 code [0x0000023ae4692fc0, 0x0000023ae4693640]
Event: 1.867 Thread 0x0000023afd50fc10 nmethod 3965 0x0000023ae4693890 code [0x0000023ae4693a20, 0x0000023ae4693b60]
Event: 1.867 Thread 0x0000023af8c3da80 nmethod 3966 0x0000023ae4693c10 code [0x0000023ae4693dc0, 0x0000023ae4693f88]
Event: 1.867 Thread 0x0000023afe5dd8b0 3967       4       java.util.AbstractSet::<init> (5 bytes)
Event: 1.867 Thread 0x0000023afe5dd8b0 nmethod 3967 0x0000023aebbc8610 code [0x0000023aebbc87a0, 0x0000023aebbc8828]
Event: 1.868 Thread 0x0000023afd5bf540 3968       4       java.util.regex.Pattern$$Lambda/0x0000023a810588a8::is (5 bytes)
Event: 1.868 Thread 0x0000023afd5bf540 nmethod 3968 0x0000023aebbc8910 code [0x0000023aebbc8aa0, 0x0000023aebbc8ba8]
Event: 1.869 Thread 0x0000023afd50fc10 3969       3       java.io.BufferedReader::fill (170 bytes)
Event: 1.869 Thread 0x0000023afd5bf540 3970       4       org.codehaus.plexus.util.xml.pull.MXParser::nextImpl (1208 bytes)
Event: 1.869 Thread 0x0000023afd50fc10 nmethod 3969 0x0000023ae4694010 code [0x0000023ae4694200, 0x0000023ae4694888]
Event: 1.870 Thread 0x0000023afe5dd8b0 3971       4       org.codehaus.plexus.util.xml.pull.MXParser::parseAttribute (1438 bytes)
Event: 1.871 Thread 0x0000023af8c3da80 3976       3       org.codehaus.plexus.util.xml.Xpp3Dom::mergeXpp3Dom (14 bytes)
Event: 1.871 Thread 0x0000023af8c3da80 nmethod 3976 0x0000023ae4694a10 code [0x0000023ae4694bc0, 0x0000023ae4694d48]
Event: 1.871 Thread 0x0000023afd0f0690 3977       1       org.eclipse.aether.repository.WorkspaceRepository::getKey (5 bytes)
Event: 1.871 Thread 0x0000023afd0f0690 nmethod 3977 0x0000023aebbc8c90 code [0x0000023aebbc8e20, 0x0000023aebbc8ee8]
Event: 1.873 Thread 0x0000023afd5f7ba0 3979       1       org.apache.maven.model.Dependency::setScope (6 bytes)
Event: 1.873 Thread 0x0000023afd5f7ba0 nmethod 3979 0x0000023aebbc8f90 code [0x0000023aebbc9120, 0x0000023aebbc9230]

GC Heap History (4 events):
Event: 0.542 GC heap before
{Heap before GC invocations=0 (full 0):
 garbage-first heap   total 120832K, used 23552K [0x000000008a400000, 0x0000000100000000)
  region size 1024K, 23 young (23552K), 0 survivors (0K)
 Metaspace       used 5659K, committed 5824K, reserved 1114112K
  class space    used 646K, committed 768K, reserved 1048576K
}
Event: 0.548 GC heap after
{Heap after GC invocations=1 (full 0):
 garbage-first heap   total 120832K, used 3904K [0x000000008a400000, 0x0000000100000000)
  region size 1024K, 3 young (3072K), 3 survivors (3072K)
 Metaspace       used 5659K, committed 5824K, reserved 1114112K
  class space    used 646K, committed 768K, reserved 1048576K
}
Event: 0.932 GC heap before
{Heap before GC invocations=1 (full 0):
 garbage-first heap   total 120832K, used 35648K [0x000000008a400000, 0x0000000100000000)
  region size 1024K, 34 young (34816K), 3 survivors (3072K)
 Metaspace       used 9225K, committed 9344K, reserved 1114112K
  class space    used 1078K, committed 1152K, reserved 1048576K
}
Event: 0.939 GC heap after
{Heap after GC invocations=2 (full 0):
 garbage-first heap   total 120832K, used 5572K [0x000000008a400000, 0x0000000100000000)
  region size 1024K, 2 young (2048K), 2 survivors (2048K)
 Metaspace       used 9225K, committed 9344K, reserved 1114112K
  class space    used 1078K, committed 1152K, reserved 1048576K
}

Dll operation events (8 events):
Event: 0.005 Loaded shared library C:\Users\samhi\OneDrive\build\jdk-21.0.10\bin\java.dll
Event: 0.030 Loaded shared library C:\Users\samhi\OneDrive\build\jdk-21.0.10\bin\jsvml.dll
Event: 0.044 Loaded shared library C:\Users\samhi\OneDrive\build\jdk-21.0.10\bin\net.dll
Event: 0.046 Loaded shared library C:\Users\samhi\OneDrive\build\jdk-21.0.10\bin\nio.dll
Event: 0.049 Loaded shared library C:\Users\samhi\OneDrive\build\jdk-21.0.10\bin\zip.dll
Event: 0.190 Loaded shared library C:\Users\samhi\OneDrive\build\jdk-21.0.10\bin\jimage.dll
Event: 0.191 Loaded shared library C:\Program Files\JetBrains\IntelliJ IDEA 2025.3.3\plugins\maven\lib\maven3\lib\jansi-native\Windows\x86_64\jansi.dll
Event: 0.202 Loaded shared library C:\Users\samhi\OneDrive\build\jdk-21.0.10\bin\verify.dll

Deoptimization events (20 events):
Event: 1.821 Thread 0x0000023adb9ef590 DEOPT PACKING pc=0x0000023aebbb21bc sp=0x000000b8596fe110
Event: 1.821 Thread 0x0000023adb9ef590 DEOPT UNPACKING pc=0x0000023aeb3346a2 sp=0x000000b8596fe0a0 mode 2
Event: 1.829 Thread 0x0000023adb9ef590 DEOPT PACKING pc=0x0000023ae451d52c sp=0x000000b8596fd560
Event: 1.829 Thread 0x0000023adb9ef590 DEOPT UNPACKING pc=0x0000023aeb334e42 sp=0x000000b8596fcab8 mode 0
Event: 1.857 Thread 0x0000023adb9ef590 Uncommon trap: trap_request=0xffffff45 fr.pc=0x0000023aebb938d0 relative=0x0000000000000710
Event: 1.857 Thread 0x0000023adb9ef590 Uncommon trap: reason=unstable_if action=reinterpret pc=0x0000023aebb938d0 method=org.codehaus.plexus.util.xml.pull.MXParser.isValidCodePoint(I)Z @ 15 c2
Event: 1.857 Thread 0x0000023adb9ef590 DEOPT PACKING pc=0x0000023aebb938d0 sp=0x000000b8596fdc10
Event: 1.857 Thread 0x0000023adb9ef590 DEOPT UNPACKING pc=0x0000023aeb3346a2 sp=0x000000b8596fdb60 mode 2
Event: 1.857 Thread 0x0000023adb9ef590 Uncommon trap: trap_request=0xffffff45 fr.pc=0x0000023aebb35810 relative=0x0000000000000070
Event: 1.857 Thread 0x0000023adb9ef590 Uncommon trap: reason=unstable_if action=reinterpret pc=0x0000023aebb35810 method=org.codehaus.plexus.util.xml.pull.MXParser.isValidCodePoint(I)Z @ 15 c2
Event: 1.857 Thread 0x0000023adb9ef590 DEOPT PACKING pc=0x0000023aebb35810 sp=0x000000b8596fdbc0
Event: 1.857 Thread 0x0000023adb9ef590 DEOPT UNPACKING pc=0x0000023aeb3346a2 sp=0x000000b8596fdb58 mode 2
Event: 1.857 Thread 0x0000023adb9ef590 Uncommon trap: trap_request=0xffffff45 fr.pc=0x0000023aebb7f140 relative=0x0000000000000500
Event: 1.857 Thread 0x0000023adb9ef590 Uncommon trap: reason=unstable_if action=reinterpret pc=0x0000023aebb7f140 method=org.codehaus.plexus.util.xml.pull.MXParser.isValidCodePoint(I)Z @ 15 c2
Event: 1.857 Thread 0x0000023adb9ef590 DEOPT PACKING pc=0x0000023aebb7f140 sp=0x000000b8596fdc10
Event: 1.857 Thread 0x0000023adb9ef590 DEOPT UNPACKING pc=0x0000023aeb3346a2 sp=0x000000b8596fdb60 mode 2
Event: 1.859 Thread 0x0000023adb9ef590 Uncommon trap: trap_request=0xffffff45 fr.pc=0x0000023aebb7725c relative=0x000000000000147c
Event: 1.859 Thread 0x0000023adb9ef590 Uncommon trap: reason=unstable_if action=reinterpret pc=0x0000023aebb7725c method=org.codehaus.plexus.util.xml.pull.MXParser.nextImpl()I @ 978 c2
Event: 1.859 Thread 0x0000023adb9ef590 DEOPT PACKING pc=0x0000023aebb7725c sp=0x000000b8596fdb00
Event: 1.859 Thread 0x0000023adb9ef590 DEOPT UNPACKING pc=0x0000023aeb3346a2 sp=0x000000b8596fdaa8 mode 2

Classes loaded (20 events):
Event: 1.448 Loading class java/nio/channels/spi/AbstractInterruptibleChannel$1
Event: 1.448 Loading class sun/nio/ch/Interruptible
Event: 1.448 Loading class sun/nio/ch/Interruptible done
Event: 1.448 Loading class java/nio/channels/spi/AbstractInterruptibleChannel$1 done
Event: 1.448 Loading class java/util/AbstractMap$2
Event: 1.449 Loading class java/util/AbstractMap$2 done
Event: 1.449 Loading class java/util/AbstractMap$2$1
Event: 1.449 Loading class java/util/AbstractMap$2$1 done
Event: 1.554 Loading class java/util/stream/Streams$RangeIntSpliterator
Event: 1.555 Loading class java/util/stream/Streams$RangeIntSpliterator done
Event: 1.788 Loading class java/util/stream/MatchOps$MatchKind
Event: 1.788 Loading class java/util/stream/MatchOps$MatchKind done
Event: 1.788 Loading class java/util/stream/MatchOps
Event: 1.788 Loading class java/util/stream/MatchOps done
Event: 1.788 Loading class java/util/stream/MatchOps$MatchOp
Event: 1.788 Loading class java/util/stream/MatchOps$MatchOp done
Event: 1.788 Loading class java/util/stream/MatchOps$BooleanTerminalSink
Event: 1.789 Loading class java/util/stream/MatchOps$BooleanTerminalSink done
Event: 1.789 Loading class java/util/stream/MatchOps$1MatchSink
Event: 1.789 Loading class java/util/stream/MatchOps$1MatchSink done

Classes unloaded (0 events):
No events

Classes redefined (0 events):
No events

Internal exceptions (20 events):
Event: 1.055 Thread 0x0000023adb9ef590 Exception <a 'java/lang/ExceptionInInitializerError'{0x0000000091154b50}> (0x0000000091154b50) 
thrown [s\open\src\hotspot\share\oops\instanceKlass.cpp, line 1192]
Event: 1.066 Thread 0x0000023adb9ef590 Exception <a 'java/lang/NoSuchMethodError'{0x00000000911bf4d0}: 'long java.lang.invoke.DirectMethodHandle$Holder.invokeStatic(java.lang.Object, java.lang.Object, int)'> (0x00000000911bf4d0) 
thrown [s\open\src\hotspot\share\interpreter\linkResolver.cpp, line 773]
Event: 1.067 Thread 0x0000023adb9ef590 Exception <a 'java/lang/NoSuchMethodError'{0x00000000911d25a8}: 'java.lang.Object java.lang.invoke.DirectMethodHandle$Holder.invokeStatic(java.lang.Object, java.lang.Object, java.lang.Object, java.lang.Object, int)'> (0x00000000911d25a8) 
thrown [s\open\src\hotspot\share\interpreter\linkResolver.cpp, line 773]
Event: 1.068 Thread 0x0000023adb9ef590 Exception <a 'java/lang/NoSuchMethodError'{0x00000000911da4e0}: 'java.lang.Object java.lang.invoke.DirectMethodHandle$Holder.invokeSpecial(java.lang.Object, java.lang.Object, java.lang.Object, java.lang.Object, long)'> (0x00000000911da4e0) 
thrown [s\open\src\hotspot\share\interpreter\linkResolver.cpp, line 773]
Event: 1.069 Thread 0x0000023adb9ef590 Exception <a 'java/lang/NoSuchMethodError'{0x00000000911e5da8}: 'java.lang.Object java.lang.invoke.DirectMethodHandle$Holder.invokeSpecial(java.lang.Object, java.lang.Object, java.lang.Object, int, java.lang.Object)'> (0x00000000911e5da8) 
thrown [s\open\src\hotspot\share\interpreter\linkResolver.cpp, line 773]
Event: 1.069 Thread 0x0000023adb9ef590 Exception <a 'java/lang/NoSuchMethodError'{0x00000000911edee8}: 'int java.lang.invoke.DirectMethodHandle$Holder.invokeSpecial(java.lang.Object, java.lang.Object, java.lang.Object, int)'> (0x00000000911edee8) 
thrown [s\open\src\hotspot\share\interpreter\linkResolver.cpp, line 773]
Event: 1.073 Thread 0x0000023adb9ef590 Implicit null exception at 0x0000023aebac3e5a to 0x0000023aebac4054
Event: 1.074 Thread 0x0000023adb9ef590 Exception <a 'java/lang/NoSuchMethodError'{0x0000000091012bf8}: 'java.lang.Object java.lang.invoke.Invokers$Holder.invokeExact_MT(java.lang.Object, int, java.lang.Object)'> (0x0000000091012bf8) 
thrown [s\open\src\hotspot\share\interpreter\linkResolver.cpp, line 773]
Event: 1.230 Thread 0x0000023adb9ef590 Exception <a 'java/lang/NoSuchMethodError'{0x0000000090853508}: 'void java.lang.invoke.Invokers$Holder.invokeExact_MT(java.lang.Object, java.lang.Object, java.lang.Object, java.lang.Object)'> (0x0000000090853508) 
thrown [s\open\src\hotspot\share\interpreter\linkResolver.cpp, line 773]
Event: 1.244 Thread 0x0000023adb9ef590 Exception <a 'java/lang/NoClassDefFoundError'{0x00000000908eafb0}: com/google/inject/servlet/ServletModuleTargetVisitor> (0x00000000908eafb0) 
thrown [s\open\src\hotspot\share\classfile\systemDictionary.cpp, line 301]
Event: 1.300 Thread 0x0000023adb9ef590 Exception <a 'java/lang/NoSuchMethodError'{0x000000009059fae0}: 'void java.lang.invoke.DirectMethodHandle$Holder.invokeVirtual(java.lang.Object, java.lang.Object)'> (0x000000009059fae0) 
thrown [s\open\src\hotspot\share\interpreter\linkResolver.cpp, line 773]
Event: 1.330 Thread 0x0000023adb9ef590 Exception <a 'java/lang/NoSuchMethodError'{0x000000009042e808}: 'java.lang.Object java.lang.invoke.DirectMethodHandle$Holder.invokeStaticInit(java.lang.Object, int, int, int, int)'> (0x000000009042e808) 
thrown [s\open\src\hotspot\share\interpreter\linkResolver.cpp, line 773]
Event: 1.426 Thread 0x0000023adb9ef590 Implicit null exception at 0x0000023aeba5b1a4 to 0x0000023aeba5b7fc
Event: 1.426 Thread 0x0000023adb9ef590 Implicit null exception at 0x0000023aeba60720 to 0x0000023aeba60d6c
Event: 1.457 Thread 0x0000023adb9ef590 Exception <a 'java/lang/NoSuchMethodError'{0x000000008fe2a6b8}: 'void java.lang.invoke.DirectMethodHandle$Holder.invokeSpecial(java.lang.Object, java.lang.Object, java.lang.Object, java.lang.Object, java.lang.Object)'> (0x000000008fe2a6b8) 
thrown [s\open\src\hotspot\share\interpreter\linkResolver.cpp, line 773]
Event: 1.458 Thread 0x0000023adb9ef590 Exception <a 'java/lang/NoSuchMethodError'{0x000000008fe40488}: 'void java.lang.invoke.DirectMethodHandle$Holder.invokeSpecial(java.lang.Object, java.lang.Object, java.lang.Object, java.lang.Object, java.lang.Object, java.lang.Object)'> (0x000000008fe40488) 
thrown [s\open\src\hotspot\share\interpreter\linkResolver.cpp, line 773]
Event: 1.468 Thread 0x0000023adb9ef590 Exception <a 'java/lang/NoSuchMethodError'{0x000000008fd3ba58}: 'java.lang.Object java.lang.invoke.DirectMethodHandle$Holder.invokeVirtual(java.lang.Object, java.lang.Object, java.lang.Object)'> (0x000000008fd3ba58) 
thrown [s\open\src\hotspot\share\interpreter\linkResolver.cpp, line 773]
Event: 1.502 Thread 0x0000023adb9ef590 Exception <a 'java/lang/NoSuchMethodError'{0x000000008fcaeda0}: 'void java.lang.invoke.DirectMethodHandle$Holder.invokeVirtual(java.lang.Object, java.lang.Object, int)'> (0x000000008fcaeda0) 
thrown [s\open\src\hotspot\share\interpreter\linkResolver.cpp, line 773]
Event: 1.503 Thread 0x0000023adb9ef590 Exception <a 'java/lang/NoSuchMethodError'{0x000000008fcb2b50}: 'void java.lang.invoke.DirectMethodHandle$Holder.invokeSpecial(java.lang.Object, java.lang.Object, java.lang.Object, int)'> (0x000000008fcb2b50) 
thrown [s\open\src\hotspot\share\interpreter\linkResolver.cpp, line 773]
Event: 1.503 Thread 0x0000023adb9ef590 Exception <a 'java/lang/NoSuchMethodError'{0x000000008fcb6220}: 'void java.lang.invoke.DelegatingMethodHandle$Holder.reinvoke_L(java.lang.Object, java.lang.Object, int)'> (0x000000008fcb6220) 
thrown [s\open\src\hotspot\share\interpreter\linkResolver.cpp, line 773]

ZGC Phase Switch (0 events):
No events

VM Operations (20 events):
Event: 1.142 Executing VM operation: HandshakeAllThreads (Deoptimize)
Event: 1.142 Executing VM operation: HandshakeAllThreads (Deoptimize) done
Event: 1.151 Executing VM operation: ICBufferFull
Event: 1.151 Executing VM operation: ICBufferFull done
Event: 1.226 Executing VM operation: HandshakeAllThreads (Deoptimize)
Event: 1.226 Executing VM operation: HandshakeAllThreads (Deoptimize) done
Event: 1.308 Executing VM operation: HandshakeAllThreads (Deoptimize)
Event: 1.308 Executing VM operation: HandshakeAllThreads (Deoptimize) done
Event: 1.340 Executing VM operation: HandshakeAllThreads (Deoptimize)
Event: 1.340 Executing VM operation: HandshakeAllThreads (Deoptimize) done
Event: 1.350 Executing VM operation: ICBufferFull
Event: 1.350 Executing VM operation: ICBufferFull done
Event: 1.364 Executing VM operation: HandshakeAllThreads (Deoptimize)
Event: 1.364 Executing VM operation: HandshakeAllThreads (Deoptimize) done
Event: 1.401 Executing VM operation: HandshakeAllThreads (Deoptimize)
Event: 1.401 Executing VM operation: HandshakeAllThreads (Deoptimize) done
Event: 1.402 Executing VM operation: HandshakeAllThreads (Deoptimize)
Event: 1.402 Executing VM operation: HandshakeAllThreads (Deoptimize) done
Event: 1.672 Executing VM operation: ICBufferFull
Event: 1.672 Executing VM operation: ICBufferFull done

Events (19 events):
Event: 0.018 Thread 0x0000023adb9ef590 Thread added: 0x0000023adb9ef590
Event: 0.028 Thread 0x0000023af8c2a150 Thread added: 0x0000023af8c2a150
Event: 0.028 Thread 0x0000023af8c2b480 Thread added: 0x0000023af8c2b480
Event: 0.029 Thread 0x0000023af8c2dbb0 Thread added: 0x0000023af8c2dbb0
Event: 0.029 Thread 0x0000023af8c309e0 Thread added: 0x0000023af8c309e0
Event: 0.029 Thread 0x0000023af8c31440 Thread added: 0x0000023af8c31440
Event: 0.029 Thread 0x0000023af8c31ea0 Thread added: 0x0000023af8c31ea0
Event: 0.029 Thread 0x0000023af8c34d70 Thread added: 0x0000023af8c34d70
Event: 0.029 Thread 0x0000023af8c3da80 Thread added: 0x0000023af8c3da80
Event: 0.037 Thread 0x0000023afd0f0690 Thread added: 0x0000023afd0f0690
Event: 0.040 Thread 0x0000023afd1366a0 Thread added: 0x0000023afd1366a0
Event: 0.042 Thread 0x0000023afd13b340 Thread added: 0x0000023afd13b340
Event: 0.187 Thread 0x0000023afd39f340 Thread added: 0x0000023afd39f340
Event: 0.198 Thread 0x0000023afd39f340 Thread exited: 0x0000023afd39f340
Event: 0.279 Thread 0x0000023afd5bf540 Thread added: 0x0000023afd5bf540
Event: 0.285 Thread 0x0000023afd50fc10 Thread added: 0x0000023afd50fc10
Event: 0.286 Thread 0x0000023afd5f7ba0 Thread added: 0x0000023afd5f7ba0
Event: 1.378 Thread 0x0000023afe26de00 Thread added: 0x0000023afe26de00
Event: 1.486 Thread 0x0000023afe5dd8b0 Thread added: 0x0000023afe5dd8b0


Dynamic libraries:
0x00007ff68a650000 - 0x00007ff68a660000 	C:\Users\samhi\OneDrive\build\jdk-21.0.10\bin\java.exe
0x00007ffd25450000 - 0x00007ffd25668000 	C:\WINDOWS\SYSTEM32\ntdll.dll
0x00007ffd246c0000 - 0x00007ffd24784000 	C:\WINDOWS\System32\KERNEL32.DLL
0x00007ffd229c0000 - 0x00007ffd22d93000 	C:\WINDOWS\System32\KERNELBASE.dll
0x00007ffd22770000 - 0x00007ffd22881000 	C:\WINDOWS\System32\ucrtbase.dll
0x00007ffd14860000 - 0x00007ffd14879000 	C:\Users\samhi\OneDrive\build\jdk-21.0.10\bin\jli.dll
0x00007ffd147a0000 - 0x00007ffd147be000 	C:\Users\samhi\OneDrive\build\jdk-21.0.10\bin\VCRUNTIME140.dll
0x00007ffd24790000 - 0x00007ffd24841000 	C:\WINDOWS\System32\ADVAPI32.dll
0x00007ffd25290000 - 0x00007ffd25337000 	C:\WINDOWS\System32\msvcrt.dll
0x00007ffd25340000 - 0x00007ffd253e8000 	C:\WINDOWS\System32\sechost.dll
0x00007ffd22990000 - 0x00007ffd229b8000 	C:\WINDOWS\System32\bcrypt.dll
0x00007ffd23c50000 - 0x00007ffd23d68000 	C:\WINDOWS\System32\RPCRT4.dll
0x00007ffd230f0000 - 0x00007ffd232a2000 	C:\WINDOWS\System32\USER32.dll
0x00007ffd230c0000 - 0x00007ffd230e6000 	C:\WINDOWS\System32\win32u.dll
0x00007ffd24ad0000 - 0x00007ffd24af9000 	C:\WINDOWS\System32\GDI32.dll
0x00007ffd10490000 - 0x00007ffd1072c000 	C:\WINDOWS\WinSxS\amd64_microsoft.windows.common-controls_6595b64144ccf1df_6.0.22621.6060_none_2712eda17382d24b\COMCTL32.dll
0x00007ffd22da0000 - 0x00007ffd22ebb000 	C:\WINDOWS\System32\gdi32full.dll
0x00007ffd22560000 - 0x00007ffd225fa000 	C:\WINDOWS\System32\msvcp_win.dll
0x00007ffd210e0000 - 0x00007ffd210ea000 	C:\WINDOWS\SYSTEM32\VERSION.dll
0x00007ffd242e0000 - 0x00007ffd24311000 	C:\WINDOWS\System32\IMM32.DLL
0x00007ffd16680000 - 0x00007ffd1668c000 	C:\Users\samhi\OneDrive\build\jdk-21.0.10\bin\vcruntime140_1.dll
0x00007ffcc86e0000 - 0x00007ffcc876d000 	C:\Users\samhi\OneDrive\build\jdk-21.0.10\bin\msvcp140.dll
0x00007ffc11f00000 - 0x00007ffc12c27000 	C:\Users\samhi\OneDrive\build\jdk-21.0.10\bin\server\jvm.dll
0x00007ffd24b00000 - 0x00007ffd24b71000 	C:\WINDOWS\System32\WS2_32.dll
0x00007ffd22430000 - 0x00007ffd2247d000 	C:\WINDOWS\SYSTEM32\POWRPROF.dll
0x00007ffd16900000 - 0x00007ffd16934000 	C:\WINDOWS\SYSTEM32\WINMM.dll
0x00007ffd22410000 - 0x00007ffd22423000 	C:\WINDOWS\SYSTEM32\UMPDC.dll
0x00007ffd21500000 - 0x00007ffd21518000 	C:\WINDOWS\SYSTEM32\kernel.appcore.dll
0x00007ffd14670000 - 0x00007ffd1467a000 	C:\Users\samhi\OneDrive\build\jdk-21.0.10\bin\jimage.dll
0x00007ffd1a570000 - 0x00007ffd1a7a3000 	C:\WINDOWS\SYSTEM32\DBGHELP.DLL
0x00007ffd24320000 - 0x00007ffd246b1000 	C:\WINDOWS\System32\combase.dll
0x00007ffd24030000 - 0x00007ffd24108000 	C:\WINDOWS\System32\OLEAUT32.dll
0x00007ffd176a0000 - 0x00007ffd176d2000 	C:\WINDOWS\SYSTEM32\dbgcore.DLL
0x00007ffd22890000 - 0x00007ffd2290b000 	C:\WINDOWS\System32\bcryptPrimitives.dll
0x00007ffd14640000 - 0x00007ffd14661000 	C:\Users\samhi\OneDrive\build\jdk-21.0.10\bin\java.dll
0x00007ffd233b0000 - 0x00007ffd23c4c000 	C:\WINDOWS\System32\SHELL32.dll
0x00007ffd22f80000 - 0x00007ffd230bf000 	C:\WINDOWS\System32\wintypes.dll
0x00007ffd201b0000 - 0x00007ffd20aca000 	C:\WINDOWS\SYSTEM32\windows.storage.dll
0x00007ffd24860000 - 0x00007ffd24964000 	C:\WINDOWS\System32\SHCORE.dll
0x00007ffd24a60000 - 0x00007ffd24ac9000 	C:\WINDOWS\System32\shlwapi.dll
0x00007ffd22490000 - 0x00007ffd224b5000 	C:\WINDOWS\SYSTEM32\profapi.dll
0x00007ffc518c0000 - 0x00007ffc51997000 	C:\Users\samhi\OneDrive\build\jdk-21.0.10\bin\jsvml.dll
0x00007ffd13ff0000 - 0x00007ffd14001000 	C:\Users\samhi\OneDrive\build\jdk-21.0.10\bin\net.dll
0x00007ffd1e240000 - 0x00007ffd1e36c000 	C:\WINDOWS\SYSTEM32\WINHTTP.dll
0x00007ffd219d0000 - 0x00007ffd21a39000 	C:\WINDOWS\system32\mswsock.dll
0x00007ffd13c80000 - 0x00007ffd13c96000 	C:\Users\samhi\OneDrive\build\jdk-21.0.10\bin\nio.dll
0x00007ffd0e500000 - 0x00007ffd0e518000 	C:\Users\samhi\OneDrive\build\jdk-21.0.10\bin\zip.dll
0x00007ffd0e4d0000 - 0x00007ffd0e4f4000 	C:\Program Files\JetBrains\IntelliJ IDEA 2025.3.3\plugins\maven\lib\maven3\lib\jansi-native\Windows\x86_64\jansi.dll
0x00007ffd145c0000 - 0x00007ffd145d0000 	C:\Users\samhi\OneDrive\build\jdk-21.0.10\bin\verify.dll

dbghelp: loaded successfully - version: 4.0.5 - missing functions: none
symbol engine: initialized successfully - sym options: 0x614 - pdb path: .;C:\Users\samhi\OneDrive\build\jdk-21.0.10\bin;C:\WINDOWS\SYSTEM32;C:\WINDOWS\WinSxS\amd64_microsoft.windows.common-controls_6595b64144ccf1df_6.0.22621.6060_none_2712eda17382d24b;C:\Users\samhi\OneDrive\build\jdk-21.0.10\bin\server;C:\Program Files\JetBrains\IntelliJ IDEA 2025.3.3\plugins\maven\lib\maven3\lib\jansi-native\Windows\x86_64

VM Arguments:
jvm_args: -Dfile.encoding=IBM437 --enable-native-access=ALL-UNNAMED -Dclassworlds.conf=C:\Program Files\JetBrains\IntelliJ IDEA 2025.3.3\plugins\maven\lib\maven3\bin\m2.conf -Dmaven.home=C:\Program Files\JetBrains\IntelliJ IDEA 2025.3.3\plugins\maven\lib\maven3 -Dlibrary.jansi.path=C:\Program Files\JetBrains\IntelliJ IDEA 2025.3.3\plugins\maven\lib\maven3\lib\jansi-native -Dmaven.multiModuleProjectDirectory=C:\Users\samhi\IdeaProjects\Portfolio\backend 
java_command: org.codehaus.plexus.classworlds.launcher.Launcher -Didea.version=2025.3.3 -Dmaven.ext.class.path=C:\Program Files\JetBrains\IntelliJ IDEA 2025.3.3\plugins\maven\lib\maven-event-listener.jar -Djansi.passthrough=true -Dstyle.color=always -Dmaven.repo.local=C:\Users\samhi\.m2\repository clean install
java_class_path (initial): C:\Program Files\JetBrains\IntelliJ IDEA 2025.3.3\plugins\maven\lib\maven3\boot\plexus-classworlds-2.9.0.jar
Launcher Type: SUN_STANDARD

[Global flags]
     intx CICompilerCount                          = 12                                        {product} {ergonomic}
     uint ConcGCThreads                            = 3                                         {product} {ergonomic}
     uint G1ConcRefinementThreads                  = 13                                        {product} {ergonomic}
   size_t G1HeapRegionSize                         = 1048576                                   {product} {ergonomic}
    uintx GCDrainStackTargetSize                   = 64                                        {product} {ergonomic}
   size_t InitialHeapSize                          = 123731968                                 {product} {ergonomic}
   size_t MarkStackSize                            = 4194304                                   {product} {ergonomic}
   size_t MaxHeapSize                              = 1975517184                                {product} {ergonomic}
   size_t MaxNewSize                               = 1184890880                                {product} {ergonomic}
   size_t MinHeapDeltaBytes                        = 1048576                                   {product} {ergonomic}
   size_t MinHeapSize                              = 8388608                                   {product} {ergonomic}
    uintx NonNMethodCodeHeapSize                   = 7602480                                {pd product} {ergonomic}
    uintx NonProfiledCodeHeapSize                  = 122027880                              {pd product} {ergonomic}
    uintx ProfiledCodeHeapSize                     = 122027880                              {pd product} {ergonomic}
    uintx ReservedCodeCacheSize                    = 251658240                              {pd product} {ergonomic}
     bool SegmentedCodeCache                       = true                                      {product} {ergonomic}
   size_t SoftMaxHeapSize                          = 1975517184                             {manageable} {ergonomic}
     bool UseCompressedOops                        = true                           {product lp64_product} {ergonomic}
     bool UseG1GC                                  = true                                      {product} {ergonomic}
     bool UseLargePagesIndividualAllocation        = false                                  {pd product} {ergonomic}

Logging:
Log output configuration:
 #0: stdout all=warning uptime,level,tags foldmultilines=false
 #1: stderr all=off uptime,level,tags foldmultilines=false

Environment Variables:
JAVA_HOME=C:\Users\samhi\OneDrive\build\jdk-21.0.10
JAVA_TOOL_OPTIONS=-Dfile.encoding=IBM437
PATH=C:\WINDOWS\system32;C:\WINDOWS;C:\WINDOWS\System32\Wbem;C:\WINDOWS\System32\WindowsPowerShell\v1.0\;C:\WINDOWS\System32\OpenSSH\;C:\Program Files\dotnet\;C:\Program Files\Git\cmd;C:\Program Files\Docker\Docker\resources\bin;C:\Program Files\Amazon\AWSCLIV2\;C:\Program Files\nodejs\;C:\Users\samhi\AppData\Local\Programs\Python\Launcher\;C:\Users\samhi\AppData\Local\Microsoft\WindowsApps;C:\Users\samhi\AppData\Local\Programs\Microsoft VS Code\bin;C:\Users\samhi\bin;C:\Tools\apache-maven-3.9.12\bin;C:\Program Files\Eclipse Adoptium\jdk-21.0.8.9-hotspot\bin;C:\Users\samhi\OneDrive\build\jdk-21.0.10\bin;C:\Program Files\nodejs;C:\Users\samhi\AppData\Roaming\npm
USERNAME=samhi
OS=Windows_NT
PROCESSOR_IDENTIFIER=AMD64 Family 25 Model 80 Stepping 0, AuthenticAMD
TMP=C:\Users\samhi\AppData\Local\Temp
TEMP=C:\Users\samhi\AppData\Local\Temp




Periodic native trim disabled

---------------  S Y S T E M  ---------------

OS:
 Windows 11 , 64 bit Build 22621 (10.0.22621.5415)
OS uptime: 0 days 4:54 hours
Hyper-V role detected

CPU: total 16 (initial active 16) (16 cores per cpu, 2 threads per core) family 25 model 80 stepping 0 microcode 0x0, cx8, cmov, fxsr, ht, mmx, 3dnowpref, sse, sse2, sse3, ssse3, sse4a, sse4.1, sse4.2, popcnt, lzcnt, tsc, tscinvbit, avx, avx2, aes, erms, clmul, bmi1, bmi2, adx, sha, fma, vzeroupper, clflush, clflushopt, hv, rdtscp, rdpid, fsrm, f16c, cet_ss
Processor Information for all 16 processors :
  Max Mhz: 3201, Current Mhz: 3201, Mhz Limit: 3201

Memory: 4k page, system-wide physical 7528M (806M free)
TotalPageFile size 31080M (AvailPageFile size 3M)
current process WorkingSet (physical memory assigned to process): 153M, peak: 153M
current process commit charge ("private bytes"): 254M, peak: 254M

vm_info: Java HotSpot(TM) 64-Bit Server VM (21.0.10+8-LTS-217) for windows-amd64 JRE (21.0.10+8-LTS-217), built on 2025-12-18T14:59:28Z by "mach5run" with MS VC++ 17.13 (VS2022)

END.
